<?xml version="1.0" encoding="UTF-8"?>
<!-- Generated by org.testng.reporters.JUnitXMLReporter -->
<testsuite hostname="vshl-PC" name="Command line test" tests="9" failures="0" timestamp="19 Jul 2015 17:00:59 GMT" time="1.161" errors="0">
  <testcase name="shouldMoveVehiclesOnGreenSignal" time="0.338" classname="com.mycompany.trafficSignal.RoadTest"/>
  <testcase name="shouldMoveVehiclesOnGreenSignalAfterRed" time="0.154" classname="com.mycompany.trafficSignal.RoadTest"/>
  <testcase name="shouldStopVehiclesOnRed" time="0.055" classname="com.mycompany.trafficSignal.RoadTest"/>
  <testcase name="shouldSimulateTheSignal" time="0.059" classname="com.mycompany.trafficSignal.SignalControllerTest"/>
  <testcase name="shouldThrowInterruptedExceptionWhileSimulating" time="0.005" classname="com.mycompany.trafficSignal.SignalControllerTest"/>
  <testcase name="shouldMoveVehicle" time="0.013" classname="com.mycompany.trafficSignal.SignalWorkerTest"/>
  <testcase name="shouldAddVehiclesToAllDirections" time="0.511" classname="com.mycompany.trafficSignal.TrafficProducerTest"/>
  <testcase name="shouldThrowInterruptedExceptiOnAddVehicle" time="0.011" classname="com.mycompany.trafficSignal.TrafficProducerTest"/>
  <testcase name="shouldCreateVehicleWithId" time="0.0" classname="com.mycompany.trafficSignal.VehicleTest"/>
</testsuite> <!-- Command line test -->
