<?xml version="1.0" encoding="UTF-8" ?>
<testsuite failures="0" time="1.788" errors="0" skipped="0" tests="9" name="TestSuite">
  <properties>
[...]
</properties>
  <testcase time="0.337" classname="com.mycompany.trafficSignal.RoadTest" name="shouldMoveVehiclesOnGreenSignal"/>
  <testcase time="0.152" classname="com.mycompany.trafficSignal.RoadTest" name="shouldMoveVehiclesOnGreenSignalAfterRed"/>
  <testcase time="0.055" classname="com.mycompany.trafficSignal.RoadTest" name="shouldStopVehiclesOnRed"/>
  <testcase time="0.059" classname="com.mycompany.trafficSignal.SignalControllerTest" name="shouldSimulateTheSignal"/>
  <testcase time="0.005" classname="com.mycompany.trafficSignal.SignalControllerTest" name="shouldThrowInterruptedExceptionWhileSimulating"/>
  <testcase time="0.015" classname="com.mycompany.trafficSignal.SignalWorkerTest" name="shouldMoveVehicle"/>
  <testcase time="0.509" classname="com.mycompany.trafficSignal.TrafficProducerTest" name="shouldAddVehiclesToAllDirections"/>
  <testcase time="0.011" classname="com.mycompany.trafficSignal.TrafficProducerTest" name="shouldThrowInterruptedExceptiOnAddVehicle"/>
  <testcase time="0" classname="com.mycompany.trafficSignal.VehicleTest" name="shouldCreateVehicleWithId"/>
</testsuite>